[INFO ] 2024-04-22 16:35:00.053 [restartedMain][LogHelper.java] LogHelper - HHH000204: Processing PersistenceUnitInfo [name: default]
[INFO ] 2024-04-22 16:35:00.143 [restartedMain][Version.java] Version - HHH000412: Hibernate ORM core version 6.4.4.Final
[INFO ] 2024-04-22 16:35:00.178 [restartedMain][RegionFactoryInitiator.java] RegionFactoryInitiator - HHH000026: Second-level cache disabled
[INFO ] 2024-04-22 16:35:00.411 [restartedMain][SpringPersistenceUnitInfo.java] SpringPersistenceUnitInfo - No LoadTimeWeaver setup: ignoring JPA class transformer
[INFO ] 2024-04-22 16:35:00.443 [restartedMain][HikariDataSource.java] HikariDataSource - HikariPool-1 - Starting...
[INFO ] 2024-04-22 16:35:00.585 [restartedMain][HikariPool.java] HikariPool - HikariPool-1 - Added connection com.mysql.cj.jdbc.ConnectionImpl@284be907
[INFO ] 2024-04-22 16:35:00.587 [restartedMain][HikariDataSource.java] HikariDataSource - HikariPool-1 - Start completed.
[INFO ] 2024-04-22 16:35:01.464 [restartedMain][JtaPlatformInitiator.java] JtaPlatformInitiator - HHH000489: No JTA platform available (set 'hibernate.transaction.jta.platform' to enable JTA platform integration)
[INFO ] 2024-04-22 16:35:01.553 [restartedMain][AbstractEntityManagerFactoryBean.java] LocalContainerEntityManagerFactoryBean - Initialized JPA EntityManagerFactory for persistence unit 'default'
[WARN ] 2024-04-22 16:35:02.031 [restartedMain][JpaBaseConfiguration.java] JpaBaseConfiguration$JpaWebConfiguration - spring.jpa.open-in-view is enabled by default. Therefore, database queries may be performed during view rendering. Explicitly configure spring.jpa.open-in-view to disable this warning
[INFO ] 2024-04-22 16:35:02.681 [restartedMain][DefaultSecurityFilterChain.java] DefaultSecurityFilterChain - Will secure any request with [org.springframework.security.web.session.DisableEncodeUrlFilter@4ade51ce, org.springframework.security.web.context.request.async.WebAsyncManagerIntegrationFilter@5988bfc2, org.springframework.security.web.context.SecurityContextHolderFilter@a418dfb, org.springframework.security.web.header.HeaderWriterFilter@21a79cc6, org.springframework.web.filter.CorsFilter@60133342, com.mung.mungtique.member.infrastructure.jwt.CustomLogoutFilter@700c7a7c, org.springframework.security.web.authentication.logout.LogoutFilter@1e1ef47c, com.mung.mungtique.member.infrastructure.jwt.JwtFilter@48e41592, com.mung.mungtique.member.infrastructure.jwt.LoginFilter@548ec5e3, org.springframework.security.web.savedrequest.RequestCacheAwareFilter@637eeebe, org.springframework.security.web.servletapi.SecurityContextHolderAwareRequestFilter@1281ef1d, org.springframework.security.web.authentication.AnonymousAuthenticationFilter@2dfe6513, org.springframework.security.web.session.SessionManagementFilter@5b1732e4, org.springframework.security.web.access.ExceptionTranslationFilter@5c39831c, org.springframework.security.web.access.intercept.AuthorizationFilter@3120af5]
[INFO ] 2024-04-22 16:35:02.931 [restartedMain][OptionalLiveReloadServer.java] OptionalLiveReloadServer - LiveReload server is running on port 35729
[INFO ] 2024-04-22 16:35:02.948 [restartedMain][DirectJDKLog.java] Http11NioProtocol - Starting ProtocolHandler ["http-nio-8082"]
[INFO ] 2024-04-22 16:35:02.967 [restartedMain][TomcatWebServer.java] TomcatWebServer - Tomcat started on port 8082 (http) with context path ''
[INFO ] 2024-04-22 16:35:02.975 [restartedMain][StartupInfoLogger.java] UserApplication - Started UserApplication in 4.616 seconds (process running for 5.429)
[INFO ] 2024-04-22 16:35:11.681 [http-nio-8082-exec-1][DirectJDKLog.java] [/] - Initializing Spring DispatcherServlet 'dispatcherServlet'
[INFO ] 2024-04-22 16:35:11.681 [http-nio-8082-exec-1][FrameworkServlet.java] DispatcherServlet - Initializing Servlet 'dispatcherServlet'
[INFO ] 2024-04-22 16:35:11.682 [http-nio-8082-exec-1][FrameworkServlet.java] DispatcherServlet - Completed initialization in 1 ms
[INFO ] 2024-04-22 16:35:12.023 [http-nio-8082-exec-1][JoinServiceImpl.java] JoinServiceImpl - userEntity : com.mung.mungtique.member.domain.User@216784c6
[INFO ] 2024-04-22 16:35:40.506 [http-nio-8082-exec-7][LoginFilter.java] LoginFilter - email : sanchou@naver.com, password : 1234
[INFO ] 2024-04-22 16:35:40.665 [http-nio-8082-exec-7][LoginFilter.java] LoginFilter - access, refresh 토큰 발급 성공!!
